<?xml version="1.0" encoding="UTF-8"?>
<!-- Generated by org.testng.reporters.JUnitXMLReporter -->
<testsuite ignored="0" hostname="DESKTOP-IU9D0MM" failures="0" tests="4" name="Negative Test cases" time="639.792" errors="0" timestamp="2023-12-01T13:10:18 IST">
  <testcase classname="com.spicejet.test.SignUpTest_Negative" name="signUpWithInValidCredentials" time="149.66"/>
  <testcase classname="com.spicejet.test.LoginTest_N_DataPVDR" name="loginWithInValidCredentials" time="162.369"/>
  <testcase classname="com.spicejet.test.LoginTest_N_DataPVDR" name="loginWithInValidCredentials" time="163.657"/>
  <testcase classname="com.spicejet.test.LoginTest_N_DataPVDR" name="loginWithInValidCredentials" time="162.48"/>
</testsuite> <!-- Negative Test cases -->
