<?xml version="1.0" encoding="UTF-8"?>
<testng-results ignored="0" total="1" passed="1" failed="0" skipped="0">
  <reporter-output>
  </reporter-output>
  <suite started-at="2023-12-02T15:10:09 IST" name="Suite" finished-at="2023-12-02T15:11:13 IST" duration-ms="64369">
    <groups>
    </groups>
    <test started-at="2023-12-02T15:10:09 IST" name="Positive Test Cases" finished-at="2023-12-02T15:11:13 IST" duration-ms="64207">
      <class name="com.spicejet.test.RTTest">
        <test-method is-config="true" signature="setUp(java.lang.String)[pri:0, instance:com.spicejet.test.RTTest@5386659f]" started-at="2023-12-02T15:10:09 IST" name="setUp" finished-at="2023-12-02T15:10:09 IST" duration-ms="64" status="PASS">
          <params>
            <param index="0">
              <value>
                <![CDATA[Chrome]]>
              </value>
            </param>
          </params>
          <reporter-output>
          </reporter-output>
        </test-method> <!-- setUp -->
        <test-method signature="roundTrip()[pri:4, instance:com.spicejet.test.RTTest@5386659f]" started-at="2023-12-02T15:10:09 IST" name="roundTrip" finished-at="2023-12-02T15:11:13 IST" duration-ms="64032" status="PASS">
          <reporter-output>
          </reporter-output>
        </test-method> <!-- roundTrip -->
        <test-method is-config="true" signature="closeBrowser()[pri:0, instance:com.spicejet.test.RTTest@5386659f]" started-at="2023-12-02T15:11:13 IST" name="closeBrowser" finished-at="2023-12-02T15:11:13 IST" duration-ms="18" status="PASS">
          <reporter-output>
          </reporter-output>
        </test-method> <!-- closeBrowser -->
      </class> <!-- com.spicejet.test.RTTest -->
    </test> <!-- Positive Test Cases -->
    <test started-at="2023-12-02T15:11:13 IST" name="Negative Test cases" finished-at="2023-12-02T15:11:13 IST" duration-ms="2">
    </test> <!-- Negative Test cases -->
  </suite> <!-- Suite -->
</testng-results>
