<?xml version="1.0" encoding="UTF-8"?>
<testng-results ignored="0" total="2" passed="2" failed="0" skipped="0">
  <reporter-output>
  </reporter-output>
  <suite started-at="2023-12-02T17:01:03 IST" name="Suite" finished-at="2023-12-02T17:01:04 IST" duration-ms="616">
    <groups>
    </groups>
    <test started-at="2023-12-02T17:01:03 IST" name="Positive Test Cases" finished-at="2023-12-02T17:01:03 IST" duration-ms="404">
      <class name="com.spicejet.test.PayTest">
        <test-method is-config="true" signature="setUp(java.lang.String)[pri:0, instance:com.spicejet.test.PayTest@1750fbeb]" started-at="2023-12-02T17:01:03 IST" name="setUp" finished-at="2023-12-02T17:01:03 IST" duration-ms="1" status="PASS">
          <params>
            <param index="0">
              <value>
                <![CDATA[Chrome]]>
              </value>
            </param>
          </params>
          <reporter-output>
          </reporter-output>
        </test-method> <!-- setUp -->
        <test-method signature="payTest()[pri:5, instance:com.spicejet.test.PayTest@1750fbeb]" started-at="2023-12-02T17:01:03 IST" name="payTest" finished-at="2023-12-02T17:01:03 IST" duration-ms="141" status="PASS">
          <reporter-output>
          </reporter-output>
        </test-method> <!-- payTest -->
        <test-method is-config="true" signature="closeBrowser()[pri:0, instance:com.spicejet.test.PayTest@1750fbeb]" started-at="2023-12-02T17:01:03 IST" name="closeBrowser" finished-at="2023-12-02T17:01:03 IST" duration-ms="6" status="PASS">
          <reporter-output>
          </reporter-output>
        </test-method> <!-- closeBrowser -->
      </class> <!-- com.spicejet.test.PayTest -->
      <class name="com.spicejet.test.RTTest">
        <test-method is-config="true" signature="setUp(java.lang.String)[pri:0, instance:com.spicejet.test.RTTest@7ce026d3]" started-at="2023-12-02T17:01:03 IST" name="setUp" finished-at="2023-12-02T17:01:03 IST" duration-ms="31" status="PASS">
          <params>
            <param index="0">
              <value>
                <![CDATA[Chrome]]>
              </value>
            </param>
          </params>
          <reporter-output>
          </reporter-output>
        </test-method> <!-- setUp -->
        <test-method signature="roundTrip()[pri:4, instance:com.spicejet.test.RTTest@7ce026d3]" started-at="2023-12-02T17:01:03 IST" name="roundTrip" finished-at="2023-12-02T17:01:03 IST" duration-ms="110" status="PASS">
          <reporter-output>
          </reporter-output>
        </test-method> <!-- roundTrip -->
        <test-method is-config="true" signature="closeBrowser()[pri:0, instance:com.spicejet.test.RTTest@7ce026d3]" started-at="2023-12-02T17:01:03 IST" name="closeBrowser" finished-at="2023-12-02T17:01:03 IST" duration-ms="17" status="PASS">
          <reporter-output>
          </reporter-output>
        </test-method> <!-- closeBrowser -->
      </class> <!-- com.spicejet.test.RTTest -->
    </test> <!-- Positive Test Cases -->
    <test started-at="2023-12-02T17:01:04 IST" name="Negative Test cases" finished-at="2023-12-02T17:01:04 IST" duration-ms="4">
    </test> <!-- Negative Test cases -->
  </suite> <!-- Suite -->
</testng-results>
