<?xml version="1.0" encoding="UTF-8"?>
<testng-results ignored="0" total="1" passed="1" failed="0" skipped="0">
  <reporter-output>
  </reporter-output>
  <suite started-at="2023-12-08T12:50:22 IST" name="Suite" finished-at="2023-12-08T12:52:14 IST" duration-ms="111540">
    <groups>
    </groups>
    <test started-at="2023-12-08T12:50:22 IST" name="Positive Test Cases" finished-at="2023-12-08T12:52:14 IST" duration-ms="111484">
      <class name="com.spicejet.test.SignUpTest_Positive">
        <test-method is-config="true" signature="launchBrowser(java.lang.String)[pri:0, instance:com.spicejet.test.SignUpTest_Positive@183ec003]" started-at="2023-12-08T12:50:22 IST" name="launchBrowser" finished-at="2023-12-08T12:50:36 IST" duration-ms="13709" status="PASS">
          <params>
            <param index="0">
              <value>
                <![CDATA[Chrome]]>
              </value>
            </param>
          </params>
          <reporter-output>
          </reporter-output>
        </test-method> <!-- launchBrowser -->
        <test-method signature="signUpWithValidCredentials()[pri:1, instance:com.spicejet.test.SignUpTest_Positive@183ec003]" started-at="2023-12-08T12:50:36 IST" name="signUpWithValidCredentials" finished-at="2023-12-08T12:52:13 IST" duration-ms="97191" status="PASS">
          <reporter-output>
          </reporter-output>
        </test-method> <!-- signUpWithValidCredentials -->
        <test-method is-config="true" signature="closeBrowser()[pri:0, instance:com.spicejet.test.SignUpTest_Positive@183ec003]" started-at="2023-12-08T12:52:13 IST" name="closeBrowser" finished-at="2023-12-08T12:52:14 IST" duration-ms="482" status="PASS">
          <reporter-output>
          </reporter-output>
        </test-method> <!-- closeBrowser -->
      </class> <!-- com.spicejet.test.SignUpTest_Positive -->
    </test> <!-- Positive Test Cases -->
    <test started-at="2023-12-08T12:52:14 IST" name="Negative Test cases" finished-at="2023-12-08T12:52:14 IST" duration-ms="1">
      <class name="com.spicejet.utils.Reports">
        <test-method is-config="true" signature="startReport()[pri:0, instance:com.spicejet.utils.Reports@cecf639]" started-at="2023-12-08T12:50:22 IST" name="startReport" finished-at="2023-12-08T12:50:22 IST" duration-ms="457" status="PASS">
          <reporter-output>
          </reporter-output>
        </test-method> <!-- startReport -->
        <test-method is-config="true" signature="endReport()[pri:0, instance:com.spicejet.utils.Reports@cecf639]" started-at="2023-12-08T12:52:14 IST" name="endReport" finished-at="2023-12-08T12:52:14 IST" duration-ms="603" status="PASS">
          <reporter-output>
          </reporter-output>
        </test-method> <!-- endReport -->
      </class> <!-- com.spicejet.utils.Reports -->
    </test> <!-- Negative Test cases -->
  </suite> <!-- Suite -->
</testng-results>
