<?xml version="1.0" encoding="UTF-8"?>
<testng-results ignored="0" total="2" passed="2" failed="0" skipped="0">
  <reporter-output>
  </reporter-output>
  <suite started-at="2023-12-02T15:48:04 IST" name="Suite" finished-at="2023-12-02T15:50:25 IST" duration-ms="141426">
    <groups>
    </groups>
    <test started-at="2023-12-02T15:48:04 IST" name="Positive Test Cases" finished-at="2023-12-02T15:50:25 IST" duration-ms="141245">
      <class name="com.spicejet.test.LoginTest_P_DataPVDR">
        <test-method is-config="true" signature="setUp(java.lang.String)[pri:0, instance:com.spicejet.test.LoginTest_P_DataPVDR@710c2b53]" started-at="2023-12-02T15:48:04 IST" name="setUp" finished-at="2023-12-02T15:48:04 IST" duration-ms="39" status="PASS">
          <params>
            <param index="0">
              <value>
                <![CDATA[Chrome]]>
              </value>
            </param>
          </params>
          <reporter-output>
          </reporter-output>
        </test-method> <!-- setUp -->
        <test-method signature="loginWithValidCredentials()[pri:2, instance:com.spicejet.test.LoginTest_P_DataPVDR@710c2b53]" started-at="2023-12-02T15:48:04 IST" name="loginWithValidCredentials" finished-at="2023-12-02T15:48:39 IST" duration-ms="35630" status="PASS">
          <reporter-output>
          </reporter-output>
        </test-method> <!-- loginWithValidCredentials -->
      </class> <!-- com.spicejet.test.LoginTest_P_DataPVDR -->
      <class name="com.spicejet.test.OWTest">
        <test-method is-config="true" signature="setUp(java.lang.String)[pri:0, instance:com.spicejet.test.OWTest@5386659f]" started-at="2023-12-02T15:48:39 IST" name="setUp" finished-at="2023-12-02T15:48:39 IST" duration-ms="2" status="PASS">
          <params>
            <param index="0">
              <value>
                <![CDATA[Chrome]]>
              </value>
            </param>
          </params>
          <reporter-output>
          </reporter-output>
        </test-method> <!-- setUp -->
        <test-method signature="oneWayTrip()[pri:3, instance:com.spicejet.test.OWTest@5386659f]" started-at="2023-12-02T15:48:39 IST" name="oneWayTrip" finished-at="2023-12-02T15:50:25 IST" duration-ms="105474" status="PASS">
          <reporter-output>
          </reporter-output>
        </test-method> <!-- oneWayTrip -->
      </class> <!-- com.spicejet.test.OWTest -->
    </test> <!-- Positive Test Cases -->
    <test started-at="2023-12-02T15:50:25 IST" name="Negative Test cases" finished-at="2023-12-02T15:50:25 IST" duration-ms="3">
    </test> <!-- Negative Test cases -->
  </suite> <!-- Suite -->
</testng-results>
