<?xml version="1.0" encoding="UTF-8"?>
<testng-results ignored="0" total="2" passed="2" failed="0" skipped="0">
  <reporter-output>
  </reporter-output>
  <suite started-at="2023-12-05T17:12:49 IST" name="Suite" finished-at="2023-12-05T17:17:37 IST" duration-ms="288079">
    <groups>
    </groups>
    <test started-at="2023-12-05T17:12:49 IST" name="Positive Test Cases" finished-at="2023-12-05T17:17:37 IST" duration-ms="287944">
      <class name="com.spicejet.test.PayTest">
        <test-method is-config="true" signature="setUp(java.lang.String)[pri:0, instance:com.spicejet.test.PayTest@268f106e]" started-at="2023-12-05T17:13:23 IST" name="setUp" finished-at="2023-12-05T17:13:23 IST" duration-ms="1" status="PASS">
          <params>
            <param index="0">
              <value>
                <![CDATA[Chrome]]>
              </value>
            </param>
          </params>
          <reporter-output>
          </reporter-output>
        </test-method> <!-- setUp -->
        <test-method signature="payTest()[pri:5, instance:com.spicejet.test.PayTest@268f106e]" started-at="2023-12-05T17:13:23 IST" name="payTest" finished-at="2023-12-05T17:17:37 IST" duration-ms="253357" status="PASS">
          <reporter-output>
          </reporter-output>
        </test-method> <!-- payTest -->
        <test-method is-config="true" signature="closeBrowser()[pri:0, instance:com.spicejet.test.PayTest@268f106e]" started-at="2023-12-05T17:17:37 IST" name="closeBrowser" finished-at="2023-12-05T17:17:37 IST" duration-ms="139" status="PASS">
          <reporter-output>
          </reporter-output>
        </test-method> <!-- closeBrowser -->
      </class> <!-- com.spicejet.test.PayTest -->
      <class name="com.spicejet.test.LoginTest_P_DataPVDR">
        <test-method is-config="true" signature="setUp(java.lang.String)[pri:0, instance:com.spicejet.test.LoginTest_P_DataPVDR@1750fbeb]" started-at="2023-12-05T17:12:49 IST" name="setUp" finished-at="2023-12-05T17:12:49 IST" duration-ms="32" status="PASS">
          <params>
            <param index="0">
              <value>
                <![CDATA[Chrome]]>
              </value>
            </param>
          </params>
          <reporter-output>
          </reporter-output>
        </test-method> <!-- setUp -->
        <test-method signature="loginWithValidCredentials()[pri:2, instance:com.spicejet.test.LoginTest_P_DataPVDR@1750fbeb]" started-at="2023-12-05T17:12:49 IST" name="loginWithValidCredentials" finished-at="2023-12-05T17:13:23 IST" duration-ms="34327" status="PASS">
          <reporter-output>
          </reporter-output>
        </test-method> <!-- loginWithValidCredentials -->
      </class> <!-- com.spicejet.test.LoginTest_P_DataPVDR -->
    </test> <!-- Positive Test Cases -->
    <test started-at="2023-12-05T17:17:37 IST" name="Negative Test cases" finished-at="2023-12-05T17:17:37 IST" duration-ms="2">
    </test> <!-- Negative Test cases -->
  </suite> <!-- Suite -->
</testng-results>
