<?xml version="1.0" encoding="UTF-8"?>
<testng-results ignored="0" total="2" passed="2" failed="0" skipped="0">
  <reporter-output>
  </reporter-output>
  <suite started-at="2023-12-01T15:57:22 IST" name="Suite" finished-at="2023-12-01T15:59:04 IST" duration-ms="101647">
    <groups>
    </groups>
    <test started-at="2023-12-01T15:57:22 IST" name="Positive Test Cases" finished-at="2023-12-01T15:58:19 IST" duration-ms="57450">
      <class name="com.spicejet.test.LoginTest_P_DataPVDR">
        <test-method is-config="true" signature="setUp(java.lang.String)[pri:0, instance:com.spicejet.test.LoginTest_P_DataPVDR@402c4085]" started-at="2023-12-01T15:57:22 IST" name="setUp" finished-at="2023-12-01T15:57:22 IST" duration-ms="77" status="PASS">
          <params>
            <param index="0">
              <value>
                <![CDATA[Chrome]]>
              </value>
            </param>
          </params>
          <reporter-output>
          </reporter-output>
        </test-method> <!-- setUp -->
        <test-method signature="loginWithValidCredentials()[pri:1, instance:com.spicejet.test.LoginTest_P_DataPVDR@402c4085]" started-at="2023-12-01T15:57:22 IST" name="loginWithValidCredentials" finished-at="2023-12-01T15:58:19 IST" duration-ms="56598" status="PASS">
          <reporter-output>
          </reporter-output>
        </test-method> <!-- loginWithValidCredentials -->
        <test-method is-config="true" signature="closeBrowser()[pri:0, instance:com.spicejet.test.LoginTest_P_DataPVDR@402c4085]" started-at="2023-12-01T15:58:19 IST" name="closeBrowser" finished-at="2023-12-01T15:58:19 IST" duration-ms="493" status="PASS">
          <reporter-output>
          </reporter-output>
        </test-method> <!-- closeBrowser -->
      </class> <!-- com.spicejet.test.LoginTest_P_DataPVDR -->
    </test> <!-- Positive Test Cases -->
    <test started-at="2023-12-01T15:58:20 IST" name="Negative Test cases" finished-at="2023-12-01T15:59:04 IST" duration-ms="43576">
      <class name="com.spicejet.test.LoginTest_N_DataPVDR">
        <test-method is-config="true" signature="setUp(java.lang.String)[pri:0, instance:com.spicejet.test.LoginTest_N_DataPVDR@7fd50002]" started-at="2023-12-01T15:58:20 IST" name="setUp" finished-at="2023-12-01T15:58:20 IST" duration-ms="5" status="PASS">
          <params>
            <param index="0">
              <value>
                <![CDATA[Chrome]]>
              </value>
            </param>
          </params>
          <reporter-output>
          </reporter-output>
        </test-method> <!-- setUp -->
        <test-method signature="loginWithInValidCredentials()[pri:0, instance:com.spicejet.test.LoginTest_N_DataPVDR@7fd50002]" started-at="2023-12-01T15:58:20 IST" name="loginWithInValidCredentials" finished-at="2023-12-01T15:59:03 IST" duration-ms="43278" status="PASS">
          <reporter-output>
          </reporter-output>
        </test-method> <!-- loginWithInValidCredentials -->
        <test-method is-config="true" signature="closeBrowser()[pri:0, instance:com.spicejet.test.LoginTest_N_DataPVDR@7fd50002]" started-at="2023-12-01T15:59:03 IST" name="closeBrowser" finished-at="2023-12-01T15:59:04 IST" duration-ms="258" status="PASS">
          <reporter-output>
          </reporter-output>
        </test-method> <!-- closeBrowser -->
      </class> <!-- com.spicejet.test.LoginTest_N_DataPVDR -->
    </test> <!-- Negative Test cases -->
  </suite> <!-- Suite -->
</testng-results>
