<?xml version="1.0" encoding="UTF-8"?>
<testng-results ignored="0" total="1" passed="1" failed="0" skipped="0">
  <reporter-output>
  </reporter-output>
  <suite started-at="2023-12-05T17:53:56 IST" name="Suite" finished-at="2023-12-05T17:54:29 IST" duration-ms="33006">
    <groups>
    </groups>
    <test started-at="2023-12-05T17:53:56 IST" name="Positive Test Cases" finished-at="2023-12-05T17:54:29 IST" duration-ms="32961">
      <class name="com.spicejet.test.LoginTest_P_DataPVDR">
        <test-method is-config="true" signature="setUp(java.lang.String)[pri:0, instance:com.spicejet.test.LoginTest_P_DataPVDR@5890e879]" started-at="2023-12-05T17:53:56 IST" name="setUp" finished-at="2023-12-05T17:53:56 IST" duration-ms="10" status="PASS">
          <params>
            <param index="0">
              <value>
                <![CDATA[Chrome]]>
              </value>
            </param>
          </params>
          <reporter-output>
          </reporter-output>
        </test-method> <!-- setUp -->
        <test-method signature="loginWithValidCredentials()[pri:2, instance:com.spicejet.test.LoginTest_P_DataPVDR@5890e879]" started-at="2023-12-05T17:53:56 IST" name="loginWithValidCredentials" finished-at="2023-12-05T17:54:29 IST" duration-ms="32867" status="PASS">
          <reporter-output>
          </reporter-output>
        </test-method> <!-- loginWithValidCredentials -->
      </class> <!-- com.spicejet.test.LoginTest_P_DataPVDR -->
    </test> <!-- Positive Test Cases -->
    <test started-at="2023-12-05T17:54:29 IST" name="Negative Test cases" finished-at="2023-12-05T17:54:29 IST" duration-ms="1">
      <class name="com.spicejet.utils.Reports">
        <test-method is-config="true" signature="startReport()[pri:0, instance:com.spicejet.utils.Reports@6fa51cd4]" started-at="2023-12-05T17:53:55 IST" name="startReport" finished-at="2023-12-05T17:53:56 IST" duration-ms="553" status="PASS">
          <reporter-output>
          </reporter-output>
        </test-method> <!-- startReport -->
        <test-method is-config="true" signature="endReport()[pri:0, instance:com.spicejet.utils.Reports@6fa51cd4]" started-at="2023-12-05T17:54:29 IST" name="endReport" finished-at="2023-12-05T17:54:29 IST" duration-ms="627" status="PASS">
          <reporter-output>
          </reporter-output>
        </test-method> <!-- endReport -->
      </class> <!-- com.spicejet.utils.Reports -->
    </test> <!-- Negative Test cases -->
  </suite> <!-- Suite -->
</testng-results>
