<?xml version="1.0" encoding="UTF-8"?>
<testng-results ignored="0" total="1" passed="1" failed="0" skipped="0">
  <reporter-output>
  </reporter-output>
  <suite started-at="2023-12-07T19:24:26 IST" name="Suite" finished-at="2023-12-07T19:25:29 IST" duration-ms="63430">
    <groups>
    </groups>
    <test started-at="2023-12-07T19:24:26 IST" name="Positive Test Cases" finished-at="2023-12-07T19:25:29 IST" duration-ms="63363">
      <class name="com.spicejet.test.LoginTest_P_DataPVDR">
        <test-method is-config="true" signature="launchBrowser(java.lang.String)[pri:0, instance:com.spicejet.test.LoginTest_P_DataPVDR@514646ef]" started-at="2023-12-07T19:24:29 IST" name="launchBrowser" finished-at="2023-12-07T19:24:51 IST" duration-ms="22363" status="PASS">
          <params>
            <param index="0">
              <value>
                <![CDATA[Chrome]]>
              </value>
            </param>
          </params>
          <reporter-output>
          </reporter-output>
        </test-method> <!-- launchBrowser -->
        <test-method signature="loginWithValidCredentials(java.lang.String,java.lang.String)[pri:2, instance:com.spicejet.test.LoginTest_P_DataPVDR@514646ef]" started-at="2023-12-07T19:24:51 IST" name="loginWithValidCredentials" data-provider="XLData" finished-at="2023-12-07T19:25:29 IST" duration-ms="38288" status="PASS">
          <params>
            <param index="0">
              <value>
                <![CDATA[devanandh2902@gmail.com]]>
              </value>
            </param>
            <param index="1">
              <value>
                <![CDATA[Batman12@#]]>
              </value>
            </param>
          </params>
          <reporter-output>
          </reporter-output>
        </test-method> <!-- loginWithValidCredentials -->
      </class> <!-- com.spicejet.test.LoginTest_P_DataPVDR -->
    </test> <!-- Positive Test Cases -->
    <test started-at="2023-12-07T19:25:29 IST" name="Negative Test cases" finished-at="2023-12-07T19:25:29 IST" duration-ms="1">
      <class name="com.spicejet.utils.Reports">
        <test-method is-config="true" signature="startReport()[pri:0, instance:com.spicejet.utils.Reports@1033576a]" started-at="2023-12-07T19:24:25 IST" name="startReport" finished-at="2023-12-07T19:24:26 IST" duration-ms="1227" status="PASS">
          <reporter-output>
          </reporter-output>
        </test-method> <!-- startReport -->
        <test-method is-config="true" signature="endReport()[pri:0, instance:com.spicejet.utils.Reports@1033576a]" started-at="2023-12-07T19:25:29 IST" name="endReport" finished-at="2023-12-07T19:25:30 IST" duration-ms="728" status="PASS">
          <reporter-output>
          </reporter-output>
        </test-method> <!-- endReport -->
      </class> <!-- com.spicejet.utils.Reports -->
    </test> <!-- Negative Test cases -->
  </suite> <!-- Suite -->
</testng-results>
