<?xml version="1.0" encoding="UTF-8"?>
<testng-results ignored="0" total="1" passed="1" failed="0" skipped="0">
  <reporter-output>
  </reporter-output>
  <suite started-at="2023-12-07T18:52:58 IST" name="Suite" finished-at="2023-12-07T18:53:46 IST" duration-ms="48048">
    <groups>
    </groups>
    <test started-at="2023-12-07T18:52:58 IST" name="Positive Test Cases" finished-at="2023-12-07T18:53:46 IST" duration-ms="47919">
      <class name="com.spicejet.test.ExtraTaskTest">
        <test-method is-config="true" signature="launchBrowser(java.lang.String)[pri:0, instance:com.spicejet.test.ExtraTaskTest@4d1c005e]" started-at="2023-12-07T18:52:58 IST" name="launchBrowser" finished-at="2023-12-07T18:53:34 IST" duration-ms="35842" status="PASS">
          <params>
            <param index="0">
              <value>
                <![CDATA[Chrome]]>
              </value>
            </param>
          </params>
          <reporter-output>
          </reporter-output>
        </test-method> <!-- launchBrowser -->
        <test-method signature="fieldsAvailableCheking()[pri:6, instance:com.spicejet.test.ExtraTaskTest@4d1c005e]" started-at="2023-12-07T18:53:34 IST" name="fieldsAvailableCheking" finished-at="2023-12-07T18:53:45 IST" duration-ms="11312" status="PASS">
          <reporter-output>
          </reporter-output>
        </test-method> <!-- fieldsAvailableCheking -->
        <test-method is-config="true" signature="closeBrowser()[pri:0, instance:com.spicejet.test.ExtraTaskTest@4d1c005e]" started-at="2023-12-07T18:53:45 IST" name="closeBrowser" finished-at="2023-12-07T18:53:46 IST" duration-ms="574" status="PASS">
          <reporter-output>
          </reporter-output>
        </test-method> <!-- closeBrowser -->
      </class> <!-- com.spicejet.test.ExtraTaskTest -->
    </test> <!-- Positive Test Cases -->
    <test started-at="2023-12-07T18:53:46 IST" name="Negative Test cases" finished-at="2023-12-07T18:53:46 IST" duration-ms="3">
      <class name="com.spicejet.utils.Reports">
        <test-method is-config="true" signature="startReport()[pri:0, instance:com.spicejet.utils.Reports@cecf639]" started-at="2023-12-07T18:52:57 IST" name="startReport" finished-at="2023-12-07T18:52:58 IST" duration-ms="1135" status="PASS">
          <reporter-output>
          </reporter-output>
        </test-method> <!-- startReport -->
        <test-method is-config="true" signature="endReport()[pri:0, instance:com.spicejet.utils.Reports@cecf639]" started-at="2023-12-07T18:53:46 IST" name="endReport" finished-at="2023-12-07T18:53:47 IST" duration-ms="1601" status="PASS">
          <reporter-output>
          </reporter-output>
        </test-method> <!-- endReport -->
      </class> <!-- com.spicejet.utils.Reports -->
    </test> <!-- Negative Test cases -->
  </suite> <!-- Suite -->
</testng-results>
