<?xml version="1.0" encoding="UTF-8"?>
<testng-results ignored="0" total="2" passed="2" failed="0" skipped="0">
  <reporter-output>
  </reporter-output>
  <suite started-at="2023-12-01T20:51:07 IST" name="Suite" finished-at="2023-12-01T20:52:40 IST" duration-ms="92102">
    <groups>
    </groups>
    <test started-at="2023-12-01T20:51:07 IST" name="Positive Test Cases" finished-at="2023-12-01T20:52:39 IST" duration-ms="91833">
      <class name="com.spicejet.test.LoginTest_P_DataPVDR">
        <test-method is-config="true" signature="setUp(java.lang.String)[pri:0, instance:com.spicejet.test.LoginTest_P_DataPVDR@6fa51cd4]" started-at="2023-12-01T20:51:08 IST" name="setUp" finished-at="2023-12-01T20:51:08 IST" duration-ms="33" status="PASS">
          <params>
            <param index="0">
              <value>
                <![CDATA[Chrome]]>
              </value>
            </param>
          </params>
          <reporter-output>
          </reporter-output>
        </test-method> <!-- setUp -->
        <test-method signature="loginWithValidCredentials()[pri:2, instance:com.spicejet.test.LoginTest_P_DataPVDR@6fa51cd4]" started-at="2023-12-01T20:51:08 IST" name="loginWithValidCredentials" finished-at="2023-12-01T20:51:37 IST" duration-ms="29086" status="PASS">
          <reporter-output>
          </reporter-output>
        </test-method> <!-- loginWithValidCredentials -->
      </class> <!-- com.spicejet.test.LoginTest_P_DataPVDR -->
      <class name="com.spicejet.test.OWTest">
        <test-method is-config="true" signature="setUp(java.lang.String)[pri:0, instance:com.spicejet.test.OWTest@2767e23c]" started-at="2023-12-01T20:51:37 IST" name="setUp" finished-at="2023-12-01T20:51:37 IST" duration-ms="1" status="PASS">
          <params>
            <param index="0">
              <value>
                <![CDATA[Chrome]]>
              </value>
            </param>
          </params>
          <reporter-output>
          </reporter-output>
        </test-method> <!-- setUp -->
        <test-method signature="oneWayTrip()[pri:3, instance:com.spicejet.test.OWTest@2767e23c]" started-at="2023-12-01T20:51:37 IST" name="oneWayTrip" finished-at="2023-12-01T20:52:39 IST" duration-ms="62633" status="PASS">
          <reporter-output>
          </reporter-output>
        </test-method> <!-- oneWayTrip -->
      </class> <!-- com.spicejet.test.OWTest -->
    </test> <!-- Positive Test Cases -->
    <test started-at="2023-12-01T20:52:40 IST" name="Negative Test cases" finished-at="2023-12-01T20:52:40 IST" duration-ms="2">
    </test> <!-- Negative Test cases -->
  </suite> <!-- Suite -->
</testng-results>
