<?xml version="1.0" encoding="UTF-8"?>
<testng-results ignored="0" total="2" passed="2" failed="0" skipped="0">
  <reporter-output>
  </reporter-output>
  <suite started-at="2023-12-03T17:51:24 IST" name="Suite" finished-at="2023-12-03T17:53:44 IST" duration-ms="139444">
    <groups>
    </groups>
    <test started-at="2023-12-03T17:51:24 IST" name="Positive Test Cases" finished-at="2023-12-03T17:53:44 IST" duration-ms="139301">
      <class name="com.spicejet.test.PayTest">
        <test-method is-config="true" signature="setUp(java.lang.String)[pri:0, instance:com.spicejet.test.PayTest@6e9a5ed8]" started-at="2023-12-03T17:53:31 IST" name="setUp" finished-at="2023-12-03T17:53:31 IST" duration-ms="1" status="PASS">
          <params>
            <param index="0">
              <value>
                <![CDATA[Chrome]]>
              </value>
            </param>
          </params>
          <reporter-output>
          </reporter-output>
        </test-method> <!-- setUp -->
        <test-method signature="payTest()[pri:5, instance:com.spicejet.test.PayTest@6e9a5ed8]" started-at="2023-12-03T17:53:31 IST" name="payTest" finished-at="2023-12-03T17:53:44 IST" duration-ms="12927" status="PASS">
          <reporter-output>
          </reporter-output>
        </test-method> <!-- payTest -->
        <test-method is-config="true" signature="closeBrowser()[pri:0, instance:com.spicejet.test.PayTest@6e9a5ed8]" started-at="2023-12-03T17:53:44 IST" name="closeBrowser" finished-at="2023-12-03T17:53:44 IST" duration-ms="9" status="PASS">
          <reporter-output>
          </reporter-output>
        </test-method> <!-- closeBrowser -->
      </class> <!-- com.spicejet.test.PayTest -->
      <class name="com.spicejet.test.OWTest">
        <test-method is-config="true" signature="setUp(java.lang.String)[pri:0, instance:com.spicejet.test.OWTest@5b247367]" started-at="2023-12-03T17:51:24 IST" name="setUp" finished-at="2023-12-03T17:51:24 IST" duration-ms="39" status="PASS">
          <params>
            <param index="0">
              <value>
                <![CDATA[Chrome]]>
              </value>
            </param>
          </params>
          <reporter-output>
          </reporter-output>
        </test-method> <!-- setUp -->
        <test-method signature="oneWayTrip()[pri:3, instance:com.spicejet.test.OWTest@5b247367]" started-at="2023-12-03T17:51:24 IST" name="oneWayTrip" finished-at="2023-12-03T17:53:31 IST" duration-ms="126221" status="PASS">
          <reporter-output>
          </reporter-output>
        </test-method> <!-- oneWayTrip -->
      </class> <!-- com.spicejet.test.OWTest -->
    </test> <!-- Positive Test Cases -->
    <test started-at="2023-12-03T17:53:44 IST" name="Negative Test cases" finished-at="2023-12-03T17:53:44 IST" duration-ms="2">
    </test> <!-- Negative Test cases -->
  </suite> <!-- Suite -->
</testng-results>
